\BOOKMARK [-1][]{thuchapter.1.-1}{\376\377\217\146\116\221\123\117\124\014\155\262\177\120\217\146\226\062\117\247\177\373\210\114\232\166\211\304\122\022\116\016\143\247\122\066\170\024\172\166}{}% 1
\BOOKMARK [0][]{thuchapter.2.0}{\376\377\116\146\201\012}{thuchapter.1.-1}% 2
\BOOKMARK [0][]{thuchapter.3.0}{\376\377\133\146\117\115\213\272\145\207\143\007\133\374\134\017\176\304\060\001\121\154\137\000\213\304\226\005\116\272\124\214\173\124\217\251\131\324\124\130\117\032\124\015\123\125}{thuchapter.1.-1}% 3
\BOOKMARK [0][]{thuchapter.4.0}{\376\377\121\163\116\216\133\146\117\115\213\272\145\207\117\177\165\050\143\210\147\103\166\204\213\364\146\016}{thuchapter.1.-1}% 4
\BOOKMARK [0][]{section*.10}{\376\377\144\130\211\201}{thuchapter.1.-1}% 5
\BOOKMARK [0][]{section*.12}{\376\377\000A\000b\000s\000t\000r\000a\000c\000t}{thuchapter.1.-1}% 6
\BOOKMARK [0][]{section*.14}{\376\377\166\356\137\125}{thuchapter.1.-1}% 7
\BOOKMARK [0][]{section*.16}{\376\377\143\322\126\376\156\005\123\125}{thuchapter.1.-1}% 8
\BOOKMARK [0][]{section*.18}{\376\377\226\104\210\150\156\005\123\125}{thuchapter.1.-1}% 9
\BOOKMARK [0][]{section*.20}{\376\377\173\046\123\367\124\214\177\051\165\145\213\355\213\364\146\016}{thuchapter.1.-1}% 10
\BOOKMARK [0][]{chapter.1}{\376\377\173\054\0001\172\340\000\040\137\025\212\000}{thuchapter.1.-1}% 11
\BOOKMARK [1][-]{section.1.1}{\376\377\0001\000.\0001\000\040\170\024\172\166\200\314\146\157\123\312\141\017\116\111}{chapter.1}% 12
\BOOKMARK [1][-]{section.1.2}{\376\377\0001\000.\0002\000\040\126\375\121\205\131\026\170\024\172\166\163\260\162\266}{chapter.1}% 13
\BOOKMARK [2][-]{subsection.1.2.1}{\376\377\0001\000.\0002\000.\0001\000\040\217\146\155\262\200\046\124\010\147\072\164\006\116\016\155\262\177\120\217\146\122\250\122\233\133\146\136\372\152\041\170\024\172\166\163\260\162\266}{section.1.2}% 14
\BOOKMARK [3][-]{subsubsection.1.2.1.1}{\376\377\0001\000.\0002\000.\0001\000.\0001\000\040\217\146\155\262\200\046\124\010\147\072\164\006\170\024\172\166\163\260\162\266}{subsection.1.2.1}% 15
\BOOKMARK [3][-]{subsubsection.1.2.1.2}{\376\377\0001\000.\0002\000.\0001\000.\0002\000\040\155\262\117\123\146\103\122\250\136\372\152\041\170\024\172\166\163\260\162\266}{subsection.1.2.1}% 16
\BOOKMARK [3][-]{subsubsection.1.2.1.3}{\376\377\0001\000.\0002\000.\0001\000.\0003\000\040\155\262\177\120\217\146\122\250\122\233\133\146\136\372\152\041\170\024\172\166\163\260\162\266}{subsection.1.2.1}% 17
\BOOKMARK [2][-]{subsection.1.2.2}{\376\377\0001\000.\0002\000.\0002\000\040\155\262\177\120\217\146\226\062\117\247\177\373\116\073\210\253\122\250\133\211\121\150\143\252\145\275\170\024\172\166\163\260\162\266}{section.1.2}% 18
\BOOKMARK [3][-]{subsubsection.1.2.2.1}{\376\377\0001\000.\0002\000.\0002\000.\0001\000\040\155\262\177\120\217\146\226\062\117\247\177\373\166\204\210\253\122\250\133\211\121\150\143\252\145\275\170\024\172\166\163\260\162\266}{subsection.1.2.2}% 19
\BOOKMARK [3][-]{subsubsection.1.2.2.2}{\376\377\0001\000.\0002\000.\0002\000.\0002\000\040\155\262\177\120\217\146\226\062\117\247\177\373\116\073\122\250\133\211\121\150\143\252\145\275\170\024\172\166\163\260\162\266}{subsection.1.2.2}% 20
\BOOKMARK [2][-]{subsection.1.2.3}{\376\377\0001\000.\0002\000.\0003\000\040\217\146\116\221\123\117\124\014\230\204\155\113\140\047\121\263\173\126\116\016\211\304\122\022\170\024\172\166\163\260\162\266}{section.1.2}% 21
\BOOKMARK [3][-]{subsubsection.1.2.3.1}{\376\377\0001\000.\0002\000.\0003\000.\0001\000\040\123\125\217\146\146\172\200\375\210\114\116\072\121\263\173\126\123\312\121\166\124\021\116\221\172\357\166\204\142\323\134\125}{subsection.1.2.3}% 22
\BOOKMARK [3][-]{subsubsection.1.2.3.2}{\376\377\0001\000.\0002\000.\0003\000.\0002\000\040\116\221\143\247\230\204\155\113\140\047\121\263\173\126\116\016\211\304\122\022\170\024\172\166\163\260\162\266}{subsection.1.2.3}% 23
\BOOKMARK [2][-]{subsection.1.2.4}{\376\377\0001\000.\0002\000.\0004\000\040\217\146\116\221\123\117\124\014\117\123\174\373\147\266\147\204\147\204\136\372\145\271\154\325\170\024\172\166\163\260\162\266}{section.1.2}% 24
\BOOKMARK [1][-]{section.1.3}{\376\377\0001\000.\0003\000\040\147\054\145\207\170\024\172\166\121\205\133\271}{chapter.1}% 25
\BOOKMARK [2][-]{subsection.1.3.1}{\376\377\0001\000.\0003\000.\0001\000\040\147\054\145\207\170\024\172\166\133\371\214\141}{section.1.3}% 26
\BOOKMARK [2][-]{subsection.1.3.2}{\376\377\0001\000.\0003\000.\0002\000\040\170\024\172\166\163\260\162\266\140\073\176\323\123\312\133\130\127\050\166\204\225\356\230\230}{section.1.3}% 27
\BOOKMARK [2][-]{subsection.1.3.3}{\376\377\0001\000.\0003\000.\0003\000\040\140\073\117\123\170\024\172\166\145\271\150\110}{section.1.3}% 28
\BOOKMARK [0][]{chapter.2}{\376\377\173\054\0002\172\340\000\040\217\146\116\221\123\117\124\014\226\062\117\247\177\373\127\072\146\157\116\373\122\241\117\123\174\373\147\266\147\204\213\276\213\241}{thuchapter.1.-1}% 29
\BOOKMARK [1][-]{section.2.1}{\376\377\0002\000.\0001\000\040\000I\000V\000C\000P\000S\122\006\127\072\146\157\000M\000B\000S\000o\000S\000E\136\372\152\041\164\006\213\272}{chapter.2}% 30
\BOOKMARK [2][-]{subsection.2.1.1}{\376\377\0002\000.\0001\000.\0001\000\040\000I\000V\000C\000P\000S\140\073\117\123\147\266\147\204\116\016\162\171\137\201\122\006\147\220}{section.2.1}% 31
\BOOKMARK [2][-]{subsection.2.1.2}{\376\377\0002\000.\0001\000.\0002\000\040\122\006\127\072\146\157\000M\000B\000S\000o\000S\000E\136\372\152\041\164\006\213\272}{section.2.1}% 32
\BOOKMARK [1][-]{section.2.2}{\376\377\0002\000.\0002\000\040\217\146\116\221\123\117\124\014\155\262\177\120\217\146\226\062\117\247\177\373\210\114\232\166\147\266\147\204\136\372\152\041}{chapter.2}% 33
\BOOKMARK [2][-]{subsection.2.2.1}{\376\377\0002\000.\0002\000.\0001\000\040\000C\000T\0002\000R\000O\000P\147\266\147\204\151\202\211\310}{section.2.2}% 34
\BOOKMARK [2][-]{subsection.2.2.2}{\376\377\0002\000.\0002\000.\0002\000\040\000C\000T\0002\000R\000O\000P\147\266\147\204\213\346\176\306\213\276\213\241}{section.2.2}% 35
\BOOKMARK [3][-]{subsubsection.2.2.2.1}{\376\377\0002\000.\0002\000.\0002\000.\0001\000\040\127\072\146\157\142\030\165\145\122\006\147\220}{subsection.2.2.2}% 36
\BOOKMARK [3][-]{subsubsection.2.2.2.2}{\376\377\0002\000.\0002\000.\0002\000.\0002\000\040\127\072\146\157\217\320\210\114\122\006\147\220}{subsection.2.2.2}% 37
\BOOKMARK [3][-]{subsubsection.2.2.2.3}{\376\377\0002\000.\0002\000.\0002\000.\0003\000\040\127\072\146\157\147\015\122\241\122\006\147\220}{subsection.2.2.2}% 38
\BOOKMARK [3][-]{subsubsection.2.2.2.4}{\376\377\0002\000.\0002\000.\0002\000.\0004\000\040\127\072\146\157\215\104\156\220\122\006\147\220}{subsection.2.2.2}% 39
\BOOKMARK [1][-]{section.2.3}{\376\377\0002\000.\0003\000\040\147\054\172\340\140\073\176\323}{chapter.2}% 40
\BOOKMARK [0][]{chapter.3}{\376\377\173\054\0003\172\340\000\040\217\146\116\221\123\117\124\014\230\204\155\113\140\047\121\263\173\126\116\016\226\062\117\247\177\373\211\304\122\022}{thuchapter.1.-1}% 41
\BOOKMARK [1][-]{section.3.1}{\376\377\0003\000.\0001\000\040\126\376\142\151\145\143\116\244\116\222\137\017\230\204\155\113\152\041\127\213}{chapter.3}% 42
\BOOKMARK [2][-]{subsection.3.1.1}{\376\377\0003\000.\0001\000.\0001\000\040\126\376\176\323\147\204\116\016\126\376\171\136\176\317\177\121\176\334}{section.3.1}% 43
\BOOKMARK [2][-]{subsection.3.1.2}{\376\377\0003\000.\0001\000.\0002\000\040\155\101\123\071\221\115\142\151\145\143\145\271\154\325}{section.3.1}% 44
\BOOKMARK [2][-]{subsection.3.1.3}{\376\377\0003\000.\0001\000.\0003\000\040\116\244\220\032\126\376\162\171\137\201\210\150\171\072}{section.3.1}% 45
\BOOKMARK [2][-]{subsection.3.1.4}{\376\377\0003\000.\0001\000.\0004\000\040\201\352\126\336\137\122\126\376\142\151\145\143\116\244\116\222\137\017\230\204\155\113\152\041\127\213}{section.3.1}% 46
\BOOKMARK [1][-]{section.3.2}{\376\377\0003\000.\0002\000\040\137\072\123\026\133\146\116\140\225\177\145\366\127\337\121\263\173\126\152\041\127\213}{chapter.3}% 47
\BOOKMARK [2][-]{subsection.3.2.1}{\376\377\0003\000.\0002\000.\0001\000\040\217\146\217\206\123\302\145\160\116\016\141\017\126\376\213\306\122\053}{section.3.2}% 48
\BOOKMARK [2][-]{subsection.3.2.2}{\376\377\0003\000.\0002\000.\0002\000\040\173\126\165\145\177\121\176\334\213\276\213\241\116\016\213\255\176\303}{section.3.2}% 49
\BOOKMARK [2][-]{subsection.3.2.3}{\376\377\0003\000.\0002\000.\0003\000\040\226\062\117\247\177\373\143\142\220\123\217\320\122\250\217\150\217\371\165\037\142\020}{section.3.2}% 50
\BOOKMARK [1][-]{section.3.3}{\376\377\0003\000.\0003\000\040\217\146\172\357\226\062\117\247\177\373\220\177\226\234\136\224\140\045\217\150\217\371\211\304\122\022}{chapter.3}% 51
\BOOKMARK [2][-]{subsection.3.3.1}{\376\377\0003\000.\0003\000.\0001\000\040\123\112\143\002\155\262\177\120\217\146\173\200\123\026\152\041\127\213\136\372\172\313}{section.3.3}% 52
\BOOKMARK [2][-]{subsection.3.3.2}{\376\377\0003\000.\0003\000.\0002\000\040\176\246\147\137\217\355\116\343\000L\000Q\000R\225\356\230\230\147\204\220\040}{section.3.3}% 53
\BOOKMARK [2][-]{subsection.3.3.3}{\376\377\0003\000.\0003\000.\0003\000\040\127\072\146\157\147\204\136\372\116\016\121\163\225\056\124\150\217\146\173\133\220\011\145\271\154\325}{section.3.3}% 54
\BOOKMARK [2][-]{subsection.3.3.4}{\376\377\0003\000.\0003\000.\0004\000\040\123\314\127\072\146\157\136\224\140\045\220\177\226\234\211\304\122\022}{section.3.3}% 55
\BOOKMARK [1][-]{section.3.4}{\376\377\0003\000.\0004\000\040\116\377\167\037\133\236\232\214\213\276\213\241\116\016\232\214\213\301}{chapter.3}% 56
\BOOKMARK [2][-]{subsection.3.4.1}{\376\377\0003\000.\0004\000.\0001\000\040\116\221\172\357\211\304\122\022\116\377\167\037\176\323\147\234\116\016\122\006\147\220}{section.3.4}% 57
\BOOKMARK [2][-]{subsection.3.4.2}{\376\377\0003\000.\0004\000.\0002\000\040\217\146\172\357\211\304\122\022\116\377\167\037\135\345\121\265\116\313\176\315\116\016\176\323\147\234\122\006\147\220}{section.3.4}% 58
\BOOKMARK [1][-]{section.3.5}{\376\377\0003\000.\0005\000\040\147\054\172\340\140\073\176\323}{chapter.3}% 59
\BOOKMARK [0][]{chapter.4}{\376\377\173\054\0004\172\340\000\040\217\146\172\357\226\062\117\247\177\373\217\150\217\371\215\337\216\052\143\247\122\066\116\016\152\041\127\213\213\325\232\214}{thuchapter.1.-1}% 60
\BOOKMARK [1][-]{section.4.1}{\376\377\0004\000.\0001\000\040\152\052\176\265\124\021\200\046\124\010\155\262\117\123\146\103\122\250\136\372\152\041}{chapter.4}% 61
\BOOKMARK [2][-]{subsection.4.1.1}{\376\377\0004\000.\0001\000.\0001\000\040\156\321\122\250\117\070\177\051\131\051\136\163\152\041\127\213}{section.4.1}% 62
\BOOKMARK [3][-]{subsubsection.4.1.1.1}{\376\377\0004\000.\0001\000.\0001\000.\0001\000\040\146\362\227\142\156\321\122\250\215\050\160\271\136\372\152\041\116\016\213\241\173\227}{subsection.4.1.1}% 63
\BOOKMARK [3][-]{subsubsection.4.1.1.2}{\376\377\0004\000.\0001\000.\0001\000.\0002\000\040\152\041\127\213\123\302\145\160\217\250\213\306}{subsection.4.1.1}% 64
\BOOKMARK [2][-]{subsection.4.1.2}{\376\377\0004\000.\0001\000.\0002\000\040\153\213\135\356\137\072\123\026\133\146\116\140\221\315\176\277\140\047\123\026}{section.4.1}% 65
\BOOKMARK [3][-]{subsubsection.4.1.2.1}{\376\377\0004\000.\0001\000.\0002\000.\0001\000\040\176\277\140\047\123\314\144\106\152\041\127\213}{subsection.4.1.2}% 66
\BOOKMARK [3][-]{subsubsection.4.1.2.2}{\376\377\0004\000.\0001\000.\0002\000.\0002\000\040\153\213\135\356\221\315\176\277\140\047\123\026\152\041\127\213\213\255\176\303}{subsection.4.1.2}% 67
\BOOKMARK [1][-]{section.4.2}{\376\377\0004\000.\0002\000\040\217\150\217\371\215\337\216\052\142\221\146\103\226\062\117\247\177\373\143\247\122\066}{chapter.4}% 68
\BOOKMARK [2][-]{subsection.4.2.1}{\376\377\0004\000.\0002\000.\0001\000\040\152\052\176\265\124\021\200\046\124\010\123\112\143\002\155\262\177\120\217\146\152\041\127\213}{section.4.2}% 69
\BOOKMARK [2][-]{subsection.4.2.2}{\376\377\0004\000.\0002\000.\0002\000\040\131\032\176\246\147\137\152\041\127\213\230\204\155\113\143\247\122\066}{section.4.2}% 70
\BOOKMARK [3][-]{subsubsection.4.2.2.1}{\376\377\0004\000.\0002\000.\0002\000.\0001\000\040\226\062\117\247\177\373\217\150\217\371\215\337\216\052\143\247\122\066\173\126\165\145\213\276\213\241}{subsection.4.2.2}% 71
\BOOKMARK [3][-]{subsubsection.4.2.2.2}{\376\377\0004\000.\0002\000.\0002\000.\0002\000\040\147\000\117\030\123\026\143\247\122\066\225\356\230\230\147\204\136\372}{subsection.4.2.2}% 72
\BOOKMARK [1][-]{section.4.3}{\376\377\0004\000.\0003\000\040\116\377\167\037\116\016\177\051\153\324\117\213\152\041\127\213\213\325\232\214\213\276\213\241\116\016\232\214\213\301}{chapter.4}% 73
\BOOKMARK [2][-]{subsection.4.3.1}{\376\377\0004\000.\0003\000.\0001\000\040\217\146\155\262\200\046\124\010\200\124\124\010\116\377\167\037\136\163\123\360\136\372\172\313}{section.4.3}% 74
\BOOKMARK [2][-]{subsection.4.3.2}{\376\377\0004\000.\0003\000.\0002\000\040\116\377\167\037\232\214\213\301\116\016\122\006\147\220}{section.4.3}% 75
\BOOKMARK [3][-]{subsubsection.4.3.2.1}{\376\377\0004\000.\0003\000.\0002\000.\0001\000\040\135\346\217\154\137\057\135\345\121\265}{subsection.4.3.2}% 76
\BOOKMARK [3][-]{subsubsection.4.3.2.2}{\376\377\0004\000.\0003\000.\0002\000.\0002\000\040\232\330\220\037\123\125\171\373\176\277\135\345\121\265}{subsection.4.3.2}% 77
\BOOKMARK [3][-]{subsubsection.4.3.2.3}{\376\377\0004\000.\0003\000.\0002\000.\0003\000\040\167\355\215\335\123\314\171\373\176\277\135\345\121\265}{subsection.4.3.2}% 78
\BOOKMARK [3][-]{subsubsection.4.3.2.4}{\376\377\0004\000.\0003\000.\0002\000.\0004\000\040\236\213\236\177\135\345\121\265\145\121\217\146\133\236\232\214}{subsection.4.3.2}% 79
\BOOKMARK [3][-]{subsubsection.4.3.2.5}{\376\377\0004\000.\0003\000.\0002\000.\0005\000\040\116\377\167\037\176\323\147\234\122\006\147\220}{subsection.4.3.2}% 80
\BOOKMARK [2][-]{subsection.4.3.3}{\376\377\0004\000.\0003\000.\0003\000\040\177\051\153\324\152\041\127\213\217\146\136\163\123\360\144\055\136\372}{section.4.3}% 81
\BOOKMARK [3][-]{subsubsection.4.3.3.1}{\376\377\0004\000.\0003\000.\0003\000.\0001\000\040\217\146\217\206\170\154\116\366\221\115\177\156}{subsection.4.3.3}% 82
\BOOKMARK [3][-]{subsubsection.4.3.3.2}{\376\377\0004\000.\0003\000.\0003\000.\0002\000\040\201\352\122\250\232\176\232\166\217\157\116\366\213\276\213\241}{subsection.4.3.3}% 83
\BOOKMARK [2][-]{subsection.4.3.4}{\376\377\0004\000.\0003\000.\0004\000\040\152\041\127\213\213\325\232\214\116\016\232\214\213\301}{section.4.3}% 84
\BOOKMARK [3][-]{subsubsection.4.3.4.1}{\376\377\0004\000.\0003\000.\0004\000.\0001\000\040\177\051\153\324\152\041\127\213\166\370\117\074\140\047\121\306\122\031}{subsection.4.3.4}% 85
\BOOKMARK [3][-]{subsubsection.4.3.4.2}{\376\377\0004\000.\0003\000.\0004\000.\0002\000\040\213\325\232\214\135\345\121\265\213\276\213\241\116\016\176\323\147\234\122\006\147\220}{subsection.4.3.4}% 86
\BOOKMARK [1][-]{section.4.4}{\376\377\0004\000.\0004\000\040\147\054\172\340\140\073\176\323}{chapter.4}% 87
\BOOKMARK [0][]{chapter.5}{\376\377\173\054\0005\172\340\000\040\140\073\176\323\116\016\134\125\147\033}{thuchapter.1.-1}% 88
\BOOKMARK [1][-]{section.5.1}{\376\377\0005\000.\0001\000\040\121\150\145\207\140\073\176\323}{chapter.5}% 89
\BOOKMARK [1][-]{section.5.2}{\376\377\0005\000.\0002\000\040\116\073\211\201\122\033\145\260\160\271}{chapter.5}% 90
\BOOKMARK [1][-]{section.5.3}{\376\377\0005\000.\0003\000\040\170\024\172\166\134\125\147\033}{chapter.5}% 91
\BOOKMARK [0][]{appendix.A}{\376\377\226\104\137\125\000\040\000A\000\040\210\145\121\105\121\205\133\271}{thuchapter.1.-1}% 92
\BOOKMARK [1][-]{section.A.1}{\376\377\000A\000.\0001\000\040\176\374\217\360\210\145\121\105}{appendix.A}% 93
\BOOKMARK [2][-]{subsection.A.1.1}{\376\377\000A\000.\0001\000.\0001\000\040\152\041\127\127\123\026\201\352\122\250\232\176\232\166}{section.A.1}% 94
\BOOKMARK [2][-]{subsection.A.1.2}{\376\377\000A\000.\0001\000.\0002\000\040\172\357\122\060\172\357\201\352\122\250\232\176\232\166}{section.A.1}% 95
\BOOKMARK [2][-]{subsection.A.1.3}{\376\377\000A\000.\0001\000.\0003\000\040\123\112\117\247\177\373\152\041\140\001\123\312\121\166\123\357\143\247\140\047}{section.A.1}% 96
\BOOKMARK [2][-]{subsection.A.1.4}{\376\377\000A\000.\0001\000.\0004\000\040\137\072\123\026\133\146\116\140\116\016\217\321\172\357\173\126\165\145\117\030\123\026}{section.A.1}% 97
\BOOKMARK [1][-]{section.A.2}{\376\377\000A\000.\0002\000\040\164\006\213\272\210\145\121\105}{appendix.A}% 98
\BOOKMARK [2][-]{subsection.A.2.1}{\376\377\000A\000.\0002\000.\0001\000\040\126\376\142\151\145\143\155\101\123\071\221\115\164\006\213\272\213\301\146\016}{section.A.2}% 99
\BOOKMARK [2][-]{subsection.A.2.2}{\376\377\000A\000.\0002\000.\0002\000\040\000T\000r\000a\000i\000l\000e\000r\000-\000M\000E\000I\143\007\150\007\143\250\133\374\213\241\173\227}{section.A.2}% 100
\BOOKMARK [2][-]{subsection.A.2.3}{\376\377\000A\000.\0002\000.\0003\000\040\145\340\152\041\127\213\201\352\220\002\136\224\156\321\152\041\153\213\135\356\210\145\120\177}{section.A.2}% 101
\BOOKMARK [2][-]{subsection.A.2.4}{\376\377\000A\000.\0002\000.\0004\000\040\000M\000F\000A\000C\000\040\127\372\170\100\173\227\154\325\143\250\133\374\116\016\173\046\123\367\213\364\146\016}{section.A.2}% 102
\BOOKMARK [2][-]{subsection.A.2.5}{\376\377\000A\000.\0002\000.\0005\000\040\143\247\122\066\126\150\135\114\131\127\145\271\154\325}{section.A.2}% 103
\BOOKMARK [1][-]{section.A.3}{\376\377\000A\000.\0003\000\040\143\322\126\376}{appendix.A}% 104
\BOOKMARK [1][-]{section.A.4}{\376\377\000A\000.\0004\000\040\210\150\150\074}{appendix.A}% 105
\BOOKMARK [1][-]{section.A.5}{\376\377\000A\000.\0005\000\040\145\160\133\146\210\150\217\276\137\017}{appendix.A}% 106
\BOOKMARK [0][]{section*.168}{\376\377\201\364\214\042}{thuchapter.1.-1}% 107
\BOOKMARK [0][]{section*.170}{\376\377\130\360\146\016}{thuchapter.1.-1}% 108
\BOOKMARK [0][]{section*.172}{\376\377\116\052\116\272\173\200\123\206\060\001\127\050\133\146\147\037\225\364\133\214\142\020\166\204\166\370\121\163\133\146\147\057\142\020\147\234}{thuchapter.1.-1}% 109
\BOOKMARK [0][]{appendix*.180}{\376\377\143\007\133\374\145\131\136\010\213\304\213\355}{thuchapter.1.-1}% 110
\BOOKMARK [0][]{appendix*.181}{\376\377\173\124\217\251\131\324\124\130\117\032\121\263\213\256\116\146}{thuchapter.1.-1}% 111
